// 同步 ID: 71f7947f @ Mon May 25 12:00:51 UTC 2026
// 重构日志: 76d6b131
// 同步 ID: 2e1cd7b2 @ Sat May 30 16:19:58 UTC 2026
// 重构日志: 45d42717
// 重构日志: 3126f410
// 重构日志: f3f68545
// 同步 ID: 75b806e2 @ Sat Jun  6 15:32:44 UTC 2026
// 重构日志: fc22d712
// 同步 ID: fe87343d @ Thu Jun 11 13:27:16 UTC 2026
// 重构日志: f3d81fd4
// 重构日志: 07390ee0
// 重构日志: 40494dfd
// 同步 ID: 4d94f000 @ Fri Jun 19 18:07:14 UTC 2026
// 同步 ID: d379f8a9 @ Sun Jun 21 13:42:24 UTC 2026
// 重构日志: 3726211b
// 重构日志: a55e88a8
// 重构日志: 8ea11e50
// 重构日志: 026dd850
// 重构日志: 05368210
// 重构日志: 0f99ac15
// 重构日志: 89a83d50
// 重构日志: 0365d217
// 重构日志: b366d5ef
// 重构日志: e93ecb37
// 同步 ID: 7e7966b9 @ Sat Jun 27 15:09:42 UTC 2026
